Analysis & Synthesis report for Block1
Wed Jun 12 20:48:51 2024
Quartus II 64-Bit Version 9.1 Build 350 03/24/2010 Service Pack 2 SJ Full Version


---------------------
; Table of Contents ;
---------------------
  1. Legal Notice
  2. Analysis & Synthesis Summary
  3. Analysis & Synthesis Settings
  4. Parallel Compilation
  5. Analysis & Synthesis Source Files Read
  6. Analysis & Synthesis Resource Usage Summary
  7. Analysis & Synthesis Resource Utilization by Entity
  8. General Register Statistics
  9. Inverted Register Statistics
 10. Multiplexer Restructuring Statistics (Restructuring Performed)
 11. Parameter Settings for User Entity Instance: dy_time:inst2|74161:inst
 12. Parameter Settings for User Entity Instance: compare:inst8|7485:inst
 13. Parameter Settings for User Entity Instance: random:inst12|74161:inst
 14. Parameter Settings for User Entity Instance: wrongcount:inst29|74161:inst5
 15. Analysis & Synthesis Messages



----------------
; Legal Notice ;
----------------
Copyright (C) 1991-2010 Altera Corporation
Your use of Altera Corporation's design tools, logic functions 
and other software and tools, and its AMPP partner logic 
functions, and any output files from any of the foregoing 
(including device programming or simulation files), and any 
associated documentation or information are expressly subject 
to the terms and conditions of the Altera Program License 
Subscription Agreement, Altera MegaCore Function License 
Agreement, or other applicable license agreement, including, 
without limitation, that your use is for the sole purpose of 
programming logic devices manufactured by Altera and sold by 
Altera or its authorized distributors.  Please refer to the 
applicable agreement for further details.



+-----------------------------------------------------------------------------+
; Analysis & Synthesis Summary                                                ;
+-----------------------------+-----------------------------------------------+
; Analysis & Synthesis Status ; Successful - Wed Jun 12 20:48:51 2024         ;
; Quartus II 64-Bit Version   ; 9.1 Build 350 03/24/2010 SP 2 SJ Full Version ;
; Revision Name               ; Block1                                        ;
; Top-level Entity Name       ; main                                          ;
; Family                      ; MAX II                                        ;
; Total logic elements        ; 128                                           ;
; Total pins                  ; 51                                            ;
; Total virtual pins          ; 0                                             ;
; UFM blocks                  ; 0 / 1 ( 0 % )                                 ;
+-----------------------------+-----------------------------------------------+


+----------------------------------------------------------------------------------------------------------------------+
; Analysis & Synthesis Settings                                                                                        ;
+----------------------------------------------------------------------------+--------------------+--------------------+
; Option                                                                     ; Setting            ; Default Value      ;
+----------------------------------------------------------------------------+--------------------+--------------------+
; Device                                                                     ; EPM1270T144C5      ;                    ;
; Top-level entity name                                                      ; main               ; Block1             ;
; Family name                                                                ; MAX II             ; Stratix II         ;
; Use Generated Physical Constraints File                                    ; Off                ;                    ;
; Use smart compilation                                                      ; Off                ; Off                ;
; Enable parallel Assembler and TimeQuest Timing Analyzer during compilation ; On                 ; On                 ;
; Enable compact report table                                                ; Off                ; Off                ;
; Restructure Multiplexers                                                   ; Auto               ; Auto               ;
; Create Debugging Nodes for IP Cores                                        ; Off                ; Off                ;
; Preserve fewer node names                                                  ; On                 ; On                 ;
; Disable OpenCore Plus hardware evaluation                                  ; Off                ; Off                ;
; Verilog Version                                                            ; Verilog_2001       ; Verilog_2001       ;
; VHDL Version                                                               ; VHDL_1993          ; VHDL_1993          ;
; State Machine Processing                                                   ; Auto               ; Auto               ;
; Safe State Machine                                                         ; Off                ; Off                ;
; Extract Verilog State Machines                                             ; On                 ; On                 ;
; Extract VHDL State Machines                                                ; On                 ; On                 ;
; Ignore Verilog initial constructs                                          ; Off                ; Off                ;
; Iteration limit for constant Verilog loops                                 ; 5000               ; 5000               ;
; Iteration limit for non-constant Verilog loops                             ; 250                ; 250                ;
; Add Pass-Through Logic to Inferred RAMs                                    ; On                 ; On                 ;
; Parallel Synthesis                                                         ; On                 ; On                 ;
; NOT Gate Push-Back                                                         ; On                 ; On                 ;
; Power-Up Don't Care                                                        ; On                 ; On                 ;
; Remove Redundant Logic Cells                                               ; Off                ; Off                ;
; Remove Duplicate Registers                                                 ; On                 ; On                 ;
; Ignore CARRY Buffers                                                       ; Off                ; Off                ;
; Ignore CASCADE Buffers                                                     ; Off                ; Off                ;
; Ignore GLOBAL Buffers                                                      ; Off                ; Off                ;
; Ignore ROW GLOBAL Buffers                                                  ; Off                ; Off                ;
; Ignore LCELL Buffers                                                       ; Off                ; Off                ;
; Ignore SOFT Buffers                                                        ; On                 ; On                 ;
; Limit AHDL Integers to 32 Bits                                             ; Off                ; Off                ;
; Optimization Technique                                                     ; Balanced           ; Balanced           ;
; Carry Chain Length                                                         ; 70                 ; 70                 ;
; Auto Carry Chains                                                          ; On                 ; On                 ;
; Auto Open-Drain Pins                                                       ; On                 ; On                 ;
; Perform WYSIWYG Primitive Resynthesis                                      ; Off                ; Off                ;
; Auto Shift Register Replacement                                            ; Auto               ; Auto               ;
; Auto Clock Enable Replacement                                              ; On                 ; On                 ;
; Allow Synchronous Control Signals                                          ; On                 ; On                 ;
; Force Use of Synchronous Clear Signals                                     ; Off                ; Off                ;
; Auto Resource Sharing                                                      ; Off                ; Off                ;
; Use LogicLock Constraints during Resource Balancing                        ; On                 ; On                 ;
; Ignore translate_off and synthesis_off directives                          ; Off                ; Off                ;
; Show Parameter Settings Tables in Synthesis Report                         ; On                 ; On                 ;
; Ignore Maximum Fan-Out Assignments                                         ; Off                ; Off                ;
; Synchronization Register Chain Length                                      ; 2                  ; 2                  ;
; PowerPlay Power Optimization                                               ; Normal compilation ; Normal compilation ;
; HDL message level                                                          ; Level2             ; Level2             ;
; Suppress Register Optimization Related Messages                            ; Off                ; Off                ;
; Number of Removed Registers Reported in Synthesis Report                   ; 5000               ; 5000               ;
; Number of Inverted Registers Reported in Synthesis Report                  ; 100                ; 100                ;
; Clock MUX Protection                                                       ; On                 ; On                 ;
; Block Design Naming                                                        ; Auto               ; Auto               ;
; Synthesis Effort                                                           ; Auto               ; Auto               ;
; Shift Register Replacement - Allow Asynchronous Clear Signal               ; On                 ; On                 ;
; Analysis & Synthesis Message Level                                         ; Medium             ; Medium             ;
; Disable Register Merging Across Hierarchies                                ; Auto               ; Auto               ;
+----------------------------------------------------------------------------+--------------------+--------------------+


+------------------------------------------+
; Parallel Compilation                     ;
+----------------------------+-------------+
; Processors                 ; Number      ;
+----------------------------+-------------+
; Number detected on machine ; 12          ;
; Maximum allowed            ; 12          ;
;                            ;             ;
; Average used               ; 1.00        ;
; Maximum used               ; 1           ;
;                            ;             ;
; Usage by Processor         ; % Time Used ;
;     1 processor            ; 100.0%      ;
;     2-12 processors        ;   0.0%      ;
+----------------------------+-------------+


+--------------------------------------------------------------------------------------------------------------------------------------------------------+
; Analysis & Synthesis Source Files Read                                                                                                                 ;
+----------------------------------+-----------------+------------------------------------+--------------------------------------------------------------+
; File Name with User-Entered Path ; Used in Netlist ; File Type                          ; File Name with Absolute Path                                 ;
+----------------------------------+-----------------+------------------------------------+--------------------------------------------------------------+
; main.bdf                         ; yes             ; User Block Diagram/Schematic File  ; F:/altera/projects/class_t/main.bdf                          ;
; random.bdf                       ; yes             ; User Block Diagram/Schematic File  ; F:/altera/projects/class_t/random.bdf                        ;
; fdiv.bdf                         ; yes             ; User Block Diagram/Schematic File  ; F:/altera/projects/class_t/fdiv.bdf                          ;
; compare.bdf                      ; yes             ; User Block Diagram/Schematic File  ; F:/altera/projects/class_t/compare.bdf                       ;
; dyn_gen.bdf                      ; yes             ; User Block Diagram/Schematic File  ; F:/altera/projects/class_t/dyn_gen.bdf                       ;
; dy_time.bdf                      ; yes             ; User Block Diagram/Schematic File  ; F:/altera/projects/class_t/dy_time.bdf                       ;
; wrongcount.bdf                   ; yes             ; User Block Diagram/Schematic File  ; F:/altera/projects/class_t/wrongcount.bdf                    ;
; wr_pa.bdf                        ; yes             ; User Block Diagram/Schematic File  ; F:/altera/projects/class_t/wr_pa.bdf                         ;
; all0to1.bdf                      ; yes             ; User Block Diagram/Schematic File  ; F:/altera/projects/class_t/all0to1.bdf                       ;
; 74244.bdf                        ; yes             ; Megafunction                       ; f:/altera/91sp2/quartus/libraries/others/maxplus2/74244.bdf  ;
; 7448.bdf                         ; yes             ; Megafunction                       ; f:/altera/91sp2/quartus/libraries/others/maxplus2/7448.bdf   ;
; 74160.bdf                        ; yes             ; Megafunction                       ; f:/altera/91sp2/quartus/libraries/others/maxplus2/74160.bdf  ;
; 74161.tdf                        ; yes             ; Megafunction                       ; f:/altera/91sp2/quartus/libraries/others/maxplus2/74161.tdf  ;
; f74161.bdf                       ; yes             ; Megafunction                       ; f:/altera/91sp2/quartus/libraries/others/maxplus2/f74161.bdf ;
; 74175.bdf                        ; yes             ; Megafunction                       ; f:/altera/91sp2/quartus/libraries/others/maxplus2/74175.bdf  ;
; 74107.bdf                        ; yes             ; Megafunction                       ; f:/altera/91sp2/quartus/libraries/others/maxplus2/74107.bdf  ;
; 7490.bdf                         ; yes             ; Megafunction                       ; f:/altera/91sp2/quartus/libraries/others/maxplus2/7490.bdf   ;
; 7485.tdf                         ; yes             ; Megafunction                       ; f:/altera/91sp2/quartus/libraries/others/maxplus2/7485.tdf   ;
; f7485.bdf                        ; yes             ; Megafunction                       ; f:/altera/91sp2/quartus/libraries/others/maxplus2/f7485.bdf  ;
; 74148.bdf                        ; yes             ; Megafunction                       ; f:/altera/91sp2/quartus/libraries/others/maxplus2/74148.bdf  ;
; 74154.bdf                        ; yes             ; Megafunction                       ; f:/altera/91sp2/quartus/libraries/others/maxplus2/74154.bdf  ;
+----------------------------------+-----------------+------------------------------------+--------------------------------------------------------------+


+-------------------------------------------------------------------------------------------+
; Analysis & Synthesis Resource Usage Summary                                               ;
+---------------------------------------------+---------------------------------------------+
; Resource                                    ; Usage                                       ;
+---------------------------------------------+---------------------------------------------+
; Total logic elements                        ; 128                                         ;
;     -- Combinational with no register       ; 69                                          ;
;     -- Register only                        ; 6                                           ;
;     -- Combinational with a register        ; 53                                          ;
;                                             ;                                             ;
; Logic element usage by number of LUT inputs ;                                             ;
;     -- 4 input functions                    ; 50                                          ;
;     -- 3 input functions                    ; 26                                          ;
;     -- 2 input functions                    ; 31                                          ;
;     -- 1 input functions                    ; 11                                          ;
;     -- 0 input functions                    ; 4                                           ;
;                                             ;                                             ;
; Logic elements by mode                      ;                                             ;
;     -- normal mode                          ; 122                                         ;
;     -- arithmetic mode                      ; 6                                           ;
;     -- qfbk mode                            ; 0                                           ;
;     -- register cascade mode                ; 0                                           ;
;     -- synchronous clear/load mode          ; 0                                           ;
;     -- asynchronous clear/load mode         ; 29                                          ;
;                                             ;                                             ;
; Total registers                             ; 59                                          ;
; Total logic cells in carry chains           ; 8                                           ;
; I/O pins                                    ; 51                                          ;
; Maximum fan-out node                        ; wrongcount:inst29|74161:inst5|f74161:sub|99 ;
; Maximum fan-out                             ; 15                                          ;
; Total fan-out                               ; 483                                         ;
; Average fan-out                             ; 2.70                                        ;
+---------------------------------------------+---------------------------------------------+


+-------------------------------------------------------------------------------------------------------------------------------------------------------------------------------------------------------------------------------------------------+
; Analysis & Synthesis Resource Utilization by Entity                                                                                                                                                                                             ;
+----------------------------+-------------+--------------+------------+------+--------------+--------------+-------------------+------------------+-----------------+------------+------------------------------------------------+--------------+
; Compilation Hierarchy Node ; Logic Cells ; LC Registers ; UFM Blocks ; Pins ; Virtual Pins ; LUT-Only LCs ; Register-Only LCs ; LUT/Register LCs ; Carry Chain LCs ; Packed LCs ; Full Hierarchy Name                            ; Library Name ;
+----------------------------+-------------+--------------+------------+------+--------------+--------------+-------------------+------------------+-----------------+------------+------------------------------------------------+--------------+
; |main                      ; 128 (8)     ; 59           ; 0          ; 51   ; 0            ; 69 (8)       ; 6 (0)             ; 53 (0)           ; 8 (0)           ; 0 (0)      ; |main                                          ; work         ;
;    |74244:inst36|          ; 1 (1)       ; 0            ; 0          ; 0    ; 0            ; 1 (1)        ; 0 (0)             ; 0 (0)            ; 0 (0)           ; 0 (0)      ; |main|74244:inst36                             ; work         ;
;    |74244:inst37|          ; 15 (15)     ; 0            ; 0          ; 0    ; 0            ; 15 (15)      ; 0 (0)             ; 0 (0)            ; 0 (0)           ; 0 (0)      ; |main|74244:inst37                             ; work         ;
;    |compare:inst8|         ; 7 (6)       ; 3            ; 0          ; 0    ; 0            ; 4 (4)        ; 0 (0)             ; 3 (2)            ; 0 (0)           ; 0 (0)      ; |main|compare:inst8                            ; work         ;
;       |74160:inst5|        ; 1 (1)       ; 1            ; 0          ; 0    ; 0            ; 0 (0)        ; 0 (0)             ; 1 (1)            ; 0 (0)           ; 0 (0)      ; |main|compare:inst8|74160:inst5                ; work         ;
;    |dy_time:inst2|         ; 39 (14)     ; 22           ; 0          ; 0    ; 0            ; 17 (12)      ; 0 (0)             ; 22 (2)           ; 0 (0)           ; 0 (0)      ; |main|dy_time:inst2                            ; work         ;
;       |74160:inst10|       ; 5 (5)       ; 4            ; 0          ; 0    ; 0            ; 1 (1)        ; 0 (0)             ; 4 (4)            ; 0 (0)           ; 0 (0)      ; |main|dy_time:inst2|74160:inst10               ; work         ;
;       |74160:inst11|       ; 4 (4)       ; 4            ; 0          ; 0    ; 0            ; 0 (0)        ; 0 (0)             ; 4 (4)            ; 0 (0)           ; 0 (0)      ; |main|dy_time:inst2|74160:inst11               ; work         ;
;       |74160:inst7|        ; 4 (4)       ; 4            ; 0          ; 0    ; 0            ; 0 (0)        ; 0 (0)             ; 4 (4)            ; 0 (0)           ; 0 (0)      ; |main|dy_time:inst2|74160:inst7                ; work         ;
;       |74160:inst8|        ; 4 (4)       ; 4            ; 0          ; 0    ; 0            ; 0 (0)        ; 0 (0)             ; 4 (4)            ; 0 (0)           ; 0 (0)      ; |main|dy_time:inst2|74160:inst8                ; work         ;
;       |74161:inst|         ; 8 (0)       ; 4            ; 0          ; 0    ; 0            ; 4 (0)        ; 0 (0)             ; 4 (0)            ; 0 (0)           ; 0 (0)      ; |main|dy_time:inst2|74161:inst                 ; work         ;
;          |f74161:sub|      ; 8 (8)       ; 4            ; 0          ; 0    ; 0            ; 4 (4)        ; 0 (0)             ; 4 (4)            ; 0 (0)           ; 0 (0)      ; |main|dy_time:inst2|74161:inst|f74161:sub      ; work         ;
;    |dyn_gen:inst13|        ; 4 (0)       ; 4            ; 0          ; 0    ; 0            ; 0 (0)        ; 3 (0)             ; 1 (0)            ; 0 (0)           ; 0 (0)      ; |main|dyn_gen:inst13                           ; work         ;
;       |74175:inst|         ; 4 (4)       ; 4            ; 0          ; 0    ; 0            ; 0 (0)        ; 3 (3)             ; 1 (1)            ; 0 (0)           ; 0 (0)      ; |main|dyn_gen:inst13|74175:inst                ; work         ;
;    |dyn_gen:inst1|         ; 5 (1)       ; 4            ; 0          ; 0    ; 0            ; 1 (1)        ; 3 (0)             ; 1 (0)            ; 0 (0)           ; 0 (0)      ; |main|dyn_gen:inst1                            ; work         ;
;       |74175:inst|         ; 4 (4)       ; 4            ; 0          ; 0    ; 0            ; 0 (0)        ; 3 (3)             ; 1 (1)            ; 0 (0)           ; 0 (0)      ; |main|dyn_gen:inst1|74175:inst                 ; work         ;
;    |fdiv:inst|             ; 20 (0)      ; 18           ; 0          ; 0    ; 0            ; 2 (0)        ; 0 (0)             ; 18 (0)           ; 0 (0)           ; 0 (0)      ; |main|fdiv:inst                                ; work         ;
;       |74107:inst16|       ; 1 (1)       ; 1            ; 0          ; 0    ; 0            ; 0 (0)        ; 0 (0)             ; 1 (1)            ; 0 (0)           ; 0 (0)      ; |main|fdiv:inst|74107:inst16                   ; work         ;
;       |74107:inst18|       ; 1 (1)       ; 1            ; 0          ; 0    ; 0            ; 0 (0)        ; 0 (0)             ; 1 (1)            ; 0 (0)           ; 0 (0)      ; |main|fdiv:inst|74107:inst18                   ; work         ;
;       |74107:inst9|        ; 1 (1)       ; 1            ; 0          ; 0    ; 0            ; 0 (0)        ; 0 (0)             ; 1 (1)            ; 0 (0)           ; 0 (0)      ; |main|fdiv:inst|74107:inst9                    ; work         ;
;       |74160:inst1|        ; 5 (5)       ; 4            ; 0          ; 0    ; 0            ; 1 (1)        ; 0 (0)             ; 4 (4)            ; 0 (0)           ; 0 (0)      ; |main|fdiv:inst|74160:inst1                    ; work         ;
;       |74160:inst2|        ; 5 (5)       ; 4            ; 0          ; 0    ; 0            ; 1 (1)        ; 0 (0)             ; 4 (4)            ; 0 (0)           ; 0 (0)      ; |main|fdiv:inst|74160:inst2                    ; work         ;
;       |7490:inst6|         ; 1 (1)       ; 1            ; 0          ; 0    ; 0            ; 0 (0)        ; 0 (0)             ; 1 (1)            ; 0 (0)           ; 0 (0)      ; |main|fdiv:inst|7490:inst6                     ; work         ;
;       |7490:inst8|         ; 3 (3)       ; 3            ; 0          ; 0    ; 0            ; 0 (0)        ; 0 (0)             ; 3 (3)            ; 0 (0)           ; 0 (0)      ; |main|fdiv:inst|7490:inst8                     ; work         ;
;       |7490:inst|          ; 3 (3)       ; 3            ; 0          ; 0    ; 0            ; 0 (0)        ; 0 (0)             ; 3 (3)            ; 0 (0)           ; 0 (0)      ; |main|fdiv:inst|7490:inst                      ; work         ;
;    |random:inst12|         ; 9 (3)       ; 4            ; 0          ; 0    ; 0            ; 5 (3)        ; 0 (0)             ; 4 (0)            ; 4 (0)           ; 0 (0)      ; |main|random:inst12                            ; lib1         ;
;       |74154:inst2|        ; 1 (1)       ; 0            ; 0          ; 0    ; 0            ; 1 (1)        ; 0 (0)             ; 0 (0)            ; 0 (0)           ; 0 (0)      ; |main|random:inst12|74154:inst2                ; work         ;
;       |74161:inst|         ; 4 (0)       ; 4            ; 0          ; 0    ; 0            ; 0 (0)        ; 0 (0)             ; 4 (0)            ; 4 (0)           ; 0 (0)      ; |main|random:inst12|74161:inst                 ; work         ;
;          |f74161:sub|      ; 4 (4)       ; 4            ; 0          ; 0    ; 0            ; 0 (0)        ; 0 (0)             ; 4 (4)            ; 4 (4)           ; 0 (0)      ; |main|random:inst12|74161:inst|f74161:sub      ; work         ;
;       |all0to1:inst12|     ; 1 (1)       ; 0            ; 0          ; 0    ; 0            ; 1 (1)        ; 0 (0)             ; 0 (0)            ; 0 (0)           ; 0 (0)      ; |main|random:inst12|all0to1:inst12             ; work         ;
;    |wr_pa:inst34|          ; 9 (1)       ; 0            ; 0          ; 0    ; 0            ; 9 (1)        ; 0 (0)             ; 0 (0)            ; 0 (0)           ; 0 (0)      ; |main|wr_pa:inst34                             ; work         ;
;       |74244:inst5|        ; 2 (2)       ; 0            ; 0          ; 0    ; 0            ; 2 (2)        ; 0 (0)             ; 0 (0)            ; 0 (0)           ; 0 (0)      ; |main|wr_pa:inst34|74244:inst5                 ; work         ;
;       |74244:inst7|        ; 4 (4)       ; 0            ; 0          ; 0    ; 0            ; 4 (4)        ; 0 (0)             ; 0 (0)            ; 0 (0)           ; 0 (0)      ; |main|wr_pa:inst34|74244:inst7                 ; work         ;
;       |74244:inst|         ; 2 (2)       ; 0            ; 0          ; 0    ; 0            ; 2 (2)        ; 0 (0)             ; 0 (0)            ; 0 (0)           ; 0 (0)      ; |main|wr_pa:inst34|74244:inst                  ; work         ;
;    |wrongcount:inst29|     ; 11 (0)      ; 4            ; 0          ; 0    ; 0            ; 7 (0)        ; 0 (0)             ; 4 (0)            ; 4 (0)           ; 0 (0)      ; |main|wrongcount:inst29                        ; work         ;
;       |74161:inst5|        ; 4 (0)       ; 4            ; 0          ; 0    ; 0            ; 0 (0)        ; 0 (0)             ; 4 (0)            ; 4 (0)           ; 0 (0)      ; |main|wrongcount:inst29|74161:inst5            ; work         ;
;          |f74161:sub|      ; 4 (4)       ; 4            ; 0          ; 0    ; 0            ; 0 (0)        ; 0 (0)             ; 4 (4)            ; 4 (4)           ; 0 (0)      ; |main|wrongcount:inst29|74161:inst5|f74161:sub ; work         ;
;       |7448:inst7|         ; 7 (7)       ; 0            ; 0          ; 0    ; 0            ; 7 (7)        ; 0 (0)             ; 0 (0)            ; 0 (0)           ; 0 (0)      ; |main|wrongcount:inst29|7448:inst7             ; work         ;
+----------------------------+-------------+--------------+------------+------+--------------+--------------+-------------------+------------------+-----------------+------------+------------------------------------------------+--------------+
Note: For table entries with two numbers listed, the numbers in parentheses indicate the number of resources of the given type used by the specific entity alone. The numbers listed outside of parentheses indicate the total resources of the given type used by the specific entity and all of its sub-entities in the hierarchy.


+------------------------------------------------------+
; General Register Statistics                          ;
+----------------------------------------------+-------+
; Statistic                                    ; Value ;
+----------------------------------------------+-------+
; Total registers                              ; 59    ;
; Number of registers using Synchronous Clear  ; 0     ;
; Number of registers using Synchronous Load   ; 0     ;
; Number of registers using Asynchronous Clear ; 29    ;
; Number of registers using Asynchronous Load  ; 0     ;
; Number of registers using Clock Enable       ; 0     ;
; Number of registers using Preset             ; 0     ;
+----------------------------------------------+-------+


+--------------------------------------------------+
; Inverted Register Statistics                     ;
+----------------------------------------+---------+
; Inverted Register                      ; Fan out ;
+----------------------------------------+---------+
; dy_time:inst2|inst17                   ; 3       ;
; compare:inst8|inst14                   ; 4       ;
; Total number of inverted registers = 2 ;         ;
+----------------------------------------+---------+


+------------------------------------------------------------------------------------------------------------------------------------------+
; Multiplexer Restructuring Statistics (Restructuring Performed)                                                                           ;
+--------------------+-----------+---------------+----------------------+------------------------+------------+----------------------------+
; Multiplexer Inputs ; Bus Width ; Baseline Area ; Area if Restructured ; Saving if Restructured ; Registered ; Example Multiplexer Output ;
+--------------------+-----------+---------------+----------------------+------------------------+------------+----------------------------+
; 4:1                ; 2 bits    ; 4 LEs         ; 4 LEs                ; 0 LEs                  ; No         ; |main|dy_time:inst2|D      ;
; 4:1                ; 2 bits    ; 4 LEs         ; 4 LEs                ; 0 LEs                  ; No         ; |main|dy_time:inst2|A      ;
+--------------------+-----------+---------------+----------------------+------------------------+------------+----------------------------+


+-----------------------------------------------------------------------+
; Parameter Settings for User Entity Instance: dy_time:inst2|74161:inst ;
+------------------------+--------+-------------------------------------+
; Parameter Name         ; Value  ; Type                                ;
+------------------------+--------+-------------------------------------+
; DEVICE_FAMILY          ; MAX II ; Untyped                             ;
; AUTO_CARRY_CHAINS      ; ON     ; AUTO_CARRY                          ;
; IGNORE_CARRY_BUFFERS   ; OFF    ; IGNORE_CARRY                        ;
; AUTO_CASCADE_CHAINS    ; ON     ; AUTO_CASCADE                        ;
; IGNORE_CASCADE_BUFFERS ; OFF    ; IGNORE_CASCADE                      ;
+------------------------+--------+-------------------------------------+
Note: In order to hide this table in the UI and the text report file, please set the "Show Parameter Settings Tables in Synthesis Report" option in "Analysis and Synthesis Settings -> More Settings" to "Off".


+----------------------------------------------------------------------+
; Parameter Settings for User Entity Instance: compare:inst8|7485:inst ;
+------------------------+--------+------------------------------------+
; Parameter Name         ; Value  ; Type                               ;
+------------------------+--------+------------------------------------+
; DEVICE_FAMILY          ; MAX II ; Untyped                            ;
; AUTO_CARRY_CHAINS      ; ON     ; AUTO_CARRY                         ;
; IGNORE_CARRY_BUFFERS   ; OFF    ; IGNORE_CARRY                       ;
; AUTO_CASCADE_CHAINS    ; ON     ; AUTO_CASCADE                       ;
; IGNORE_CASCADE_BUFFERS ; OFF    ; IGNORE_CASCADE                     ;
+------------------------+--------+------------------------------------+
Note: In order to hide this table in the UI and the text report file, please set the "Show Parameter Settings Tables in Synthesis Report" option in "Analysis and Synthesis Settings -> More Settings" to "Off".


+-----------------------------------------------------------------------+
; Parameter Settings for User Entity Instance: random:inst12|74161:inst ;
+------------------------+--------+-------------------------------------+
; Parameter Name         ; Value  ; Type                                ;
+------------------------+--------+-------------------------------------+
; DEVICE_FAMILY          ; MAX II ; Untyped                             ;
; AUTO_CARRY_CHAINS      ; ON     ; AUTO_CARRY                          ;
; IGNORE_CARRY_BUFFERS   ; OFF    ; IGNORE_CARRY                        ;
; AUTO_CASCADE_CHAINS    ; ON     ; AUTO_CASCADE                        ;
; IGNORE_CASCADE_BUFFERS ; OFF    ; IGNORE_CASCADE                      ;
+------------------------+--------+-------------------------------------+
Note: In order to hide this table in the UI and the text report file, please set the "Show Parameter Settings Tables in Synthesis Report" option in "Analysis and Synthesis Settings -> More Settings" to "Off".


+----------------------------------------------------------------------------+
; Parameter Settings for User Entity Instance: wrongcount:inst29|74161:inst5 ;
+------------------------+--------+------------------------------------------+
; Parameter Name         ; Value  ; Type                                     ;
+------------------------+--------+------------------------------------------+
; DEVICE_FAMILY          ; MAX II ; Untyped                                  ;
; AUTO_CARRY_CHAINS      ; ON     ; AUTO_CARRY                               ;
; IGNORE_CARRY_BUFFERS   ; OFF    ; IGNORE_CARRY                             ;
; AUTO_CASCADE_CHAINS    ; ON     ; AUTO_CASCADE                             ;
; IGNORE_CASCADE_BUFFERS ; OFF    ; IGNORE_CASCADE                           ;
+------------------------+--------+------------------------------------------+
Note: In order to hide this table in the UI and the text report file, please set the "Show Parameter Settings Tables in Synthesis Report" option in "Analysis and Synthesis Settings -> More Settings" to "Off".


+-------------------------------+
; Analysis & Synthesis Messages ;
+-------------------------------+
Info: *******************************************************************
Info: Running Quartus II 64-Bit Analysis & Synthesis
    Info: Version 9.1 Build 350 03/24/2010 Service Pack 2 SJ Full Version
    Info: Processing started: Wed Jun 12 20:48:50 2024
Info: Command: quartus_map --read_settings_files=on --write_settings_files=off Block1 -c Block1
Info: Parallel compilation is enabled and will use 12 of the 12 processors detected
Info: Found 1 design units, including 1 entities, in source file main.bdf
    Info: Found entity 1: main
Info: Found 1 design units, including 1 entities, in source file random.bdf
    Info: Found entity 1: random
Info: Found 1 design units, including 1 entities, in source file fdiv.bdf
    Info: Found entity 1: fdiv
Info: Found 1 design units, including 1 entities, in source file static.bdf
    Info: Found entity 1: static
Info: Found 1 design units, including 1 entities, in source file compare.bdf
    Info: Found entity 1: compare
Info: Found 1 design units, including 1 entities, in source file dyn_gen.bdf
    Info: Found entity 1: dyn_gen
Info: Found 1 design units, including 1 entities, in source file dy_time.bdf
    Info: Found entity 1: dy_time
Info: Found 1 design units, including 1 entities, in source file wrongcount.bdf
    Info: Found entity 1: wrongcount
Info: Found 1 design units, including 1 entities, in source file wr_pa.bdf
    Info: Found entity 1: wr_pa
Info: Found 1 design units, including 1 entities, in source file all0to1.bdf
    Info: Found entity 1: all0to1
Info: Found 1 design units, including 1 entities, in source file sr.bdf
    Info: Found entity 1: SR
Info: Found 1 design units, including 1 entities, in source file mainb1.bdf
    Info: Found entity 1: mainb1
Info: Elaborating entity "main" for the top level hierarchy
Info: Elaborating entity "74244" for hierarchy "74244:inst37"
Info: Elaborated megafunction instantiation "74244:inst37"
Info: Elaborating entity "dy_time" for hierarchy "dy_time:inst2"
Warning: Pin "clk100" not connected
Warning: Pin "clk10" not connected
Warning: Pin "clk1" not connected
Info: Elaborating entity "7448" for hierarchy "dy_time:inst2|7448:inst15"
Info: Elaborated megafunction instantiation "dy_time:inst2|7448:inst15"
Info: Elaborating entity "74160" for hierarchy "dy_time:inst2|74160:inst7"
Info: Elaborated megafunction instantiation "dy_time:inst2|74160:inst7"
Info: Elaborating entity "74161" for hierarchy "dy_time:inst2|74161:inst"
Info: Elaborated megafunction instantiation "dy_time:inst2|74161:inst"
Info: Elaborating entity "f74161" for hierarchy "dy_time:inst2|74161:inst|f74161:sub"
Info: Elaborated megafunction instantiation "dy_time:inst2|74161:inst|f74161:sub", which is child of megafunction instantiation "dy_time:inst2|74161:inst"
Info: Elaborating entity "dyn_gen" for hierarchy "dyn_gen:inst1"
Info: Elaborating entity "74175" for hierarchy "dyn_gen:inst1|74175:inst"
Info: Elaborated megafunction instantiation "dyn_gen:inst1|74175:inst"
Info: Elaborating entity "fdiv" for hierarchy "fdiv:inst"
Info: Elaborating entity "74107" for hierarchy "fdiv:inst|74107:inst16"
Info: Elaborated megafunction instantiation "fdiv:inst|74107:inst16"
Info: Elaborating entity "7490" for hierarchy "fdiv:inst|7490:inst"
Info: Elaborated megafunction instantiation "fdiv:inst|7490:inst"
Info: Elaborating entity "compare" for hierarchy "compare:inst8"
Warning: Primitive "NAND2" of instance "inst18" not used
Info: Elaborating entity "7485" for hierarchy "compare:inst8|7485:inst"
Info: Elaborated megafunction instantiation "compare:inst8|7485:inst"
Info: Elaborating entity "f7485" for hierarchy "compare:inst8|7485:inst|f7485:sub"
Info: Elaborated megafunction instantiation "compare:inst8|7485:inst|f7485:sub", which is child of megafunction instantiation "compare:inst8|7485:inst"
Info: Elaborating entity "random" for hierarchy "random:inst12"
Info: Elaborating entity "74148" for hierarchy "random:inst12|74148:inst6"
Info: Elaborated megafunction instantiation "random:inst12|74148:inst6"
Info: Elaborating entity "74154" for hierarchy "random:inst12|74154:inst2"
Info: Elaborated megafunction instantiation "random:inst12|74154:inst2"
Info: Elaborating entity "74161" for hierarchy "random:inst12|74161:inst"
Info: Elaborated megafunction instantiation "random:inst12|74161:inst"
Info: Elaborating entity "all0to1" for hierarchy "random:inst12|all0to1:inst12"
Info: Elaborating entity "wr_pa" for hierarchy "wr_pa:inst34"
Info: Elaborating entity "wrongcount" for hierarchy "wrongcount:inst29"
Info: Elaborating entity "74161" for hierarchy "wrongcount:inst29|74161:inst5"
Info: Elaborated megafunction instantiation "wrongcount:inst29|74161:inst5"
Info: Ignored 1 buffer(s)
    Info: Ignored 1 CASCADE buffer(s)
Warning: Tri-state node(s) do not directly drive top-level pin(s)
    Warning: Converted tri-state node feeding "dy_time:inst2|7448:inst15|35" into a selector
    Warning: Converted tri-state node feeding "dy_time:inst2|7448:inst15|39" into a selector
    Warning: Converted tri-state node feeding "dy_time:inst2|7448:inst15|39" into a selector
    Warning: Converted tri-state node feeding "dy_time:inst2|7448:inst15|39" into a selector
Warning: Always-enabled tri-state buffer(s) removed
    Warning: Converted the fanout from the always-enabled tri-state buffer "74244:inst37|1" to the node "da" into a wire
    Warning: Converted the fanout from the always-enabled tri-state buffer "74244:inst37|6" to the node "db" into a wire
    Warning: Converted the fanout from the always-enabled tri-state buffer "74244:inst37|10" to the node "dc" into a wire
    Warning: Converted the fanout from the always-enabled tri-state buffer "74244:inst37|11" to the node "dd" into a wire
    Warning: Converted the fanout from the always-enabled tri-state buffer "74244:inst37|36" to the node "de" into a wire
    Warning: Converted the fanout from the always-enabled tri-state buffer "74244:inst37|31" to the node "df" into a wire
    Warning: Converted the fanout from the always-enabled tri-state buffer "74244:inst37|27" to the node "dg" into a wire
    Warning: Converted the fanout from the always-enabled tri-state buffer "74244:inst36|26" to the node "point" into a wire
Warning: Tri-state node(s) do not directly drive top-level pin(s)
    Warning: Converted the fan-out from the tri-state buffer "wr_pa:inst34|74244:inst7|1" to the node "74244:inst36|1" into an OR gate
    Warning: Converted the fan-out from the tri-state buffer "wr_pa:inst34|74244:inst5|6" to the node "74244:inst36|6" into an OR gate
    Warning: Converted the fan-out from the tri-state buffer "wr_pa:inst34|74244:inst|10" to the node "74244:inst36|10" into an OR gate
    Warning: Converted the fan-out from the tri-state buffer "wr_pa:inst34|74244:inst3|11" to the node "74244:inst36|11" into an OR gate
    Warning: Converted the fan-out from the tri-state buffer "wr_pa:inst34|74244:inst5|36" to the node "74244:inst36|36" into an OR gate
    Warning: Converted the fan-out from the tri-state buffer "wr_pa:inst34|74244:inst7|31" to the node "74244:inst36|31" into an OR gate
    Warning: Converted the fan-out from the tri-state buffer "wr_pa:inst34|74244:inst7|27" to the node "74244:inst36|27" into an OR gate
Warning: Output pins are stuck at VCC or GND
    Warning (13410): Pin "s1a" is stuck at VCC
    Warning (13410): Pin "s1b" is stuck at VCC
    Warning (13410): Pin "s1c" is stuck at VCC
    Warning (13410): Pin "s1d" is stuck at VCC
    Warning (13410): Pin "s1e" is stuck at VCC
    Warning (13410): Pin "s1f" is stuck at VCC
    Warning (13410): Pin "s1g" is stuck at GND
Info: Registers with preset signals will power-up high
Info: Converted 3 single input CARRY primitives to CARRY_SUM primitives
Warning: Ignored 2 CARRY_SUM primitives
    Warning: Ignored 2 CARRY_SUM primitive(s) -- cannot place fan-out logic in single logic cell
        Warning: Can't place logic fed by CARRY_SUM primitive "dy_time:inst2|74161:inst|f74161:sub|85~0" into a single logic cell
            Warning: Node "dy_time:inst2|74161:inst|f74161:sub|94" of type LUT
            Warning: Node "dy_time:inst2|74161:inst|f74161:sub|97" of type LUT
        Warning: Can't place logic fed by CARRY_SUM primitive "dy_time:inst2|74161:inst|f74161:sub|81~0" into a single logic cell
            Warning: Node "dy_time:inst2|74161:inst|f74161:sub|84" of type LUT
            Warning: Node "dy_time:inst2|74161:inst|f74161:sub|90" of type LUT
Info: Implemented 179 device resources after synthesis - the final resource count might be different
    Info: Implemented 6 input pins
    Info: Implemented 45 output pins
    Info: Implemented 128 logic cells
Info: Quartus II 64-Bit Analysis & Synthesis was successful. 0 errors, 42 warnings
    Info: Peak virtual memory: 4418 megabytes
    Info: Processing ended: Wed Jun 12 20:48:51 2024
    Info: Elapsed time: 00:00:01
    Info: Total CPU time (on all processors): 00:00:00


